
**** Build of configuration Debug for project RX ****

"C:\\ti\\ccsv6\\utils\\bin\\gmake" -k all 
'Building file: ../funciones.c'
'Invoking: MSP430 Compiler'
"C:/ti/ccsv6/tools/compiler/ti-cgt-msp430_4.4.5/bin/cl430" -vmsp --abi=eabi --use_hw_mpy=none --include_path="C:/ti/ccsv6/ccs_base/msp430/include" --include_path="C:/ti/ccsv6/tools/compiler/ti-cgt-msp430_4.4.5/include" --advice:power=all -g --define=__MSP430G2231__ --diag_warning=225 --diag_wrap=off --display_error_number --printf_support=minimal --preproc_with_compile --preproc_dependency="funciones.pp"  "../funciones.c"
"../funciones.c", line 71: remark #1544-D: (ULP 13.1) Detected loop counting up. Recommend loops count down as detecting zeros is easier
"../funciones.c", line 70: remark #1535-D: (ULP 8.1) variable "dir" is used as a constant. Recommend declaring variable as either 'static const' or 'const'
"../funciones.c", line 86: remark #1527-D: (ULP 2.1) Detected SW delay loop using __delay_cycles. Recommend using a timer module instead
"../funciones.c", line 87: remark #1544-D: (ULP 13.1) Detected loop counting up. Recommend loops count down as detecting zeros is easier
"../funciones.c", line 98: remark #1528-D: (ULP 3.1) Detected flag polling using USIIFG. Recommend using an interrupt combined with enter LPMx and ISR
"../funciones.c", line 107: remark #1528-D: (ULP 3.1) Detected flag polling using USIIFG. Recommend using an interrupt combined with enter LPMx and ISR
"../funciones.c", line 118: remark #1527-D: (ULP 2.1) Detected SW delay loop using __delay_cycles. Recommend using a timer module instead
"../funciones.c", line 129: remark #1527-D: (ULP 2.1) Detected SW delay loop using __delay_cycles. Recommend using a timer module instead
'Finished building: ../funciones.c'
' '
'Building file: ../main.c'
'Invoking: MSP430 Compiler'
"C:/ti/ccsv6/tools/compiler/ti-cgt-msp430_4.4.5/bin/cl430" -vmsp --abi=eabi --use_hw_mpy=none --include_path="C:/ti/ccsv6/ccs_base/msp430/include" --include_path="C:/ti/ccsv6/tools/compiler/ti-cgt-msp430_4.4.5/include" --advice:power=all -g --define=__MSP430G2231__ --diag_warning=225 --diag_wrap=off --display_error_number --printf_support=minimal --preproc_with_compile --preproc_dependency="main.pp"  "../main.c"
"../main.c", line 21: remark #1527-D: (ULP 2.1) Detected SW delay loop using empty loop. Recommend using a timer module instead
'Finished building: ../main.c'
' '
'Building target: RX.out'
'Invoking: MSP430 Linker'
"C:/ti/ccsv6/tools/compiler/ti-cgt-msp430_4.4.5/bin/cl430" -vmsp --abi=eabi --use_hw_mpy=none --advice:power=all -g --define=__MSP430G2231__ --diag_warning=225 --diag_wrap=off --display_error_number --printf_support=minimal -z -m"RX.map" --heap_size=0 --stack_size=50 -i"C:/ti/ccsv6/ccs_base/msp430/include" -i"C:/ti/ccsv6/tools/compiler/ti-cgt-msp430_4.4.5/lib" -i"C:/ti/ccsv6/tools/compiler/ti-cgt-msp430_4.4.5/include" --reread_libs --warn_sections --diag_wrap=off --display_error_number --xml_link_info="RX_linkInfo.xml" --use_hw_mpy=none --rom_model -o "RX.out" "./funciones.obj" "./main.obj" "../lnk_msp430g2231.cmd"  -l"libc.a" 
<Linking>
remark #10371-D: (ULP 1.1) Detected no uses of low power mode state changing instructions
remark #10372-D: (ULP 4.1) Detected uninitialized Port 2 in this project. Recommend initializing all unused ports to eliminate wasted current consumption on unused pins.
'Finished building target: RX.out'
' '

**** Build Finished ****
